<?xml version="1.0" encoding="UTF-8"?>
<!-- Generated by org.testng.reporters.JUnitReportReporter -->
<testsuite hostname="JD" failures="0" tests="1" name="com.ageoflen.qa.testscases.AbcSignUpTest" time="18.459" errors="0" timestamp="2024-02-17T19:23:31 PST" skipped="0">
  <testcase classname="com.ageoflen.qa.testscases.AbcSignUpTest" name="loginPageTitleTest" time="18.459"/>
  <system-out/>
</testsuite> <!-- com.ageoflen.qa.testscases.AbcSignUpTest -->
